<?xml version="1.0" encoding="UTF-8"?>
<!-- Generated by org.testng.reporters.JUnitXMLReporter -->
<testsuite ignored="0" hostname="MAMATHA" failures="4" tests="22" name="Test" time="392.365" errors="0" timestamp="2023-04-27T19:14:13 IST">
  <testcase classname="com.CambriaProject.qa.testcases.LoginTest" name="Login_With_Invalid_Character__Email_ID_Data" time="0.406"/>
  <testcase classname="com.CambriaProject.qa.testcases.LoginTest" name="Login_with_Email_ID_without_domain_name_or_without_com_Extention" time="1.552"/>
  <testcase classname="com.CambriaProject.qa.testcases.LoginTest" name="Login_without_Email_ID" time="0.307"/>
  <testcase classname="com.CambriaProject.qa.testcases.LoginTest" name="Login_With_Valid_Email_ID" time="1.809"/>
  <testcase classname="com.CambriaProject.qa.testcases.LoginTest" name="Login_With_Invalid_Password_Data" time="0.76"/>
  <testcase classname="com.CambriaProject.qa.testcases.LoginTest" name="Login_With_INValid_Password_Different_User" time="0.745"/>
  <testcase classname="com.CambriaProject.qa.testcases.LoginTest" name="Login_with_Valid_Password_Invalid_Email_ID" time="0.816"/>
  <testcase classname="com.CambriaProject.qa.testcases.LoginTest" name="Login_with_emptyData_Password" time="0.352"/>
  <testcase classname="com.CambriaProject.qa.testcases.LoginTest" name="LogOut_Functionality" time="3.389"/>
  <testcase classname="com.CambriaProject.qa.testcases.LoginTest" name="Seeting_button_Functionality" time="4.213"/>
  <testcase classname="com.CambriaProject.qa.testcases.LoginTest" name="Seeting_Page_Preload_Data" time="2.479">
    <failure type="java.lang.AssertionError" message="expected [mamatha@facileconsulting.com] but found []">
      <![CDATA[java.lang.AssertionError: expected [mamatha@facileconsulting.com] but found []
at com.CambriaProject.qa.testcases.LoginTest.Seeting_Page_Preload_Data(LoginTest.java:167)
at java.base/java.util.ArrayList.forEach(ArrayList.java:1511)
... Removed 31 stack frames]]>
    </failure>
  </testcase> <!-- Seeting_Page_Preload_Data -->
  <testcase classname="com.CambriaProject.qa.testcases.CleintSetupTest" name="VerifyGeneralDisplay" time="1.838"/>
  <testcase classname="com.CambriaProject.qa.testcases.CleintSetupTest" name="PolicyDateDisplay" time="10.02"/>
  <testcase classname="com.CambriaProject.qa.testcases.CleintSetupTest" name="PolicyClientName" time="1.697">
    <failure type="java.lang.AssertionError" message="expected [Cambria Group Grange - Barnet Jaguar Land Rover] but found [Cambria Group - Grange - Barnet Jaguar Land Rover]">
      <![CDATA[java.lang.AssertionError: expected [Cambria Group Grange - Barnet Jaguar Land Rover] but found [Cambria Group - Grange - Barnet Jaguar Land Rover]
at com.CambriaProject.qa.testcases.CleintSetupTest.PolicyClientName(CleintSetupTest.java:80)
at java.base/java.util.ArrayList.forEach(ArrayList.java:1511)
... Removed 31 stack frames]]>
    </failure>
  </testcase> <!-- PolicyClientName -->
  <testcase classname="com.CambriaProject.qa.testcases.CleintSetupTest" name="policyCustomer" time="1.439"/>
  <testcase classname="com.CambriaProject.qa.testcases.CleintSetupTest" name="policyRegNo" time="5.04">
    <failure type="java.lang.AssertionError" message="expected [HJ69JW4] but found [HJ69JWC]">
      <![CDATA[java.lang.AssertionError: expected [HJ69JW4] but found [HJ69JWC]
at com.CambriaProject.qa.testcases.CleintSetupTest.policyRegNo(CleintSetupTest.java:101)
at java.base/java.util.ArrayList.forEach(ArrayList.java:1511)
... Removed 31 stack frames]]>
    </failure>
  </testcase> <!-- policyRegNo -->
  <testcase classname="com.CambriaProject.qa.testcases.CleintSetupTest" name="policyType" time="1.314"/>
  <testcase classname="com.CambriaProject.qa.testcases.CleintSetupTest" name="policyStatus" time="1.292"/>
  <testcase classname="com.CambriaProject.qa.testcases.CleintSetupTest" name="policyClaims" time="1.354"/>
  <testcase classname="com.CambriaProject.qa.testcases.CleintSetupTest" name="policyDetailDD" time="1.91"/>
  <testcase classname="com.CambriaProject.qa.testcases.CleintSetupTest" name="ClaimButton" time="5.265"/>
  <testcase classname="com.CambriaProject.qa.testcases.CleintSetupTest" name="VerifySearch0" time="30.22">
    <failure type="org.openqa.selenium.TimeoutException" message="timeout: Timed out receiving message from renderer: 30.000
  (Session info: chrome=112.0.5615.138)
Build info: version: &amp;apos;4.8.3&amp;apos;, revision: &amp;apos;e5e76298c3&amp;apos;
System info: os.name: &amp;apos;Windows 11&amp;apos;, os.arch: &amp;apos;amd64&amp;apos;, os.version: &amp;apos;10.0&amp;apos;, java.version: &amp;apos;18.0.2.1&amp;apos;
Driver info: org.openqa.selenium.chrome.ChromeDriver
Command: [c49e3a23fa053c3618d38e08e8d114a3, clickElement {id=4a061646-e539-45db-934b-cbce841f1ce2}]
Capabilities {acceptInsecureCerts: false, browserName: chrome, browserVersion: 112.0.5615.138, chrome: {chromedriverVersion: 112.0.5615.49 (bd2a7bcb881c..., userDataDir: C:\Users\MYH\AppData\Local\...}, goog:chromeOptions: {debuggerAddress: localhost:49730}, networkConnectionEnabled: false, pageLoadStrategy: normal, platformName: WINDOWS, proxy: Proxy(), se:cdp: ws://localhost:49730/devtoo..., se:cdpVersion: 112.0.5615.138, setWindowRect: true, strictFileInteractability: false, timeouts: {implicit: 0, pageLoad: 300000, script: 30000}, unhandledPromptBehavior: dismiss and notify, webauthn:extension:credBlob: true, webauthn:extension:largeBlob: true, webauthn:extension:minPinLength: true, webauthn:extension:prf: true, webauthn:virtualAuthenticators: true}
Element: [[ChromeDriver: chrome on WINDOWS (c49e3a23fa053c3618d38e08e8d114a3)] -&amp;gt; xpath: //body/div[@id=&amp;apos;frame&amp;apos;]/div[@id=&amp;apos;main&amp;apos;]/div[@id=&amp;apos;container-grid&amp;apos;]/div[@id=&amp;apos;container&amp;apos;]/div[1]/div[2]/div[1]/div[1]/div[1]/div[1]/form[1]/input[2]]
Session ID: c49e3a23fa053c3618d38e08e8d114a3">
      <![CDATA[org.openqa.selenium.TimeoutException: timeout: Timed out receiving message from renderer: 30.000
  (Session info: chrome=112.0.5615.138)
Build info: version: '4.8.3', revision: 'e5e76298c3'
System info: os.name: 'Windows 11', os.arch: 'amd64', os.version: '10.0', java.version: '18.0.2.1'
Driver info: org.openqa.selenium.chrome.ChromeDriver
Command: [c49e3a23fa053c3618d38e08e8d114a3, clickElement {id=4a061646-e539-45db-934b-cbce841f1ce2}]
Capabilities {acceptInsecureCerts: false, browserName: chrome, browserVersion: 112.0.5615.138, chrome: {chromedriverVersion: 112.0.5615.49 (bd2a7bcb881c..., userDataDir: C:\Users\MYH\AppData\Local\...}, goog:chromeOptions: {debuggerAddress: localhost:49730}, networkConnectionEnabled: false, pageLoadStrategy: normal, platformName: WINDOWS, proxy: Proxy(), se:cdp: ws://localhost:49730/devtoo..., se:cdpVersion: 112.0.5615.138, setWindowRect: true, strictFileInteractability: false, timeouts: {implicit: 0, pageLoad: 300000, script: 30000}, unhandledPromptBehavior: dismiss and notify, webauthn:extension:credBlob: true, webauthn:extension:largeBlob: true, webauthn:extension:minPinLength: true, webauthn:extension:prf: true, webauthn:virtualAuthenticators: true}
Element: [[ChromeDriver: chrome on WINDOWS (c49e3a23fa053c3618d38e08e8d114a3)] -> xpath: //body/div[@id='frame']/div[@id='main']/div[@id='container-grid']/div[@id='container']/div[1]/div[2]/div[1]/div[1]/div[1]/div[1]/form[1]/input[2]]
Session ID: c49e3a23fa053c3618d38e08e8d114a3
at org.openqa.selenium.remote.codec.w3c.W3CHttpResponseCodec.createException(W3CHttpResponseCodec.java:200)
at org.openqa.selenium.remote.codec.w3c.W3CHttpResponseCodec.decode(W3CHttpResponseCodec.java:133)
at org.openqa.selenium.remote.codec.w3c.W3CHttpResponseCodec.decode(W3CHttpResponseCodec.java:53)
at org.openqa.selenium.remote.HttpCommandExecutor.execute(HttpCommandExecutor.java:193)
at org.openqa.selenium.remote.service.DriverCommandExecutor.invokeExecute(DriverCommandExecutor.java:183)
at org.openqa.selenium.remote.service.DriverCommandExecutor.execute(DriverCommandExecutor.java:158)
at org.openqa.selenium.remote.RemoteWebDriver.execute(RemoteWebDriver.java:543)
at org.openqa.selenium.remote.RemoteWebElement.execute(RemoteWebElement.java:257)
at org.openqa.selenium.remote.RemoteWebElement.click(RemoteWebElement.java:78)
at com.CambriaProject.qa.testcases.CleintSetupTest.VerifySearch0(CleintSetupTest.java:167)
at java.base/java.util.ArrayList.forEach(ArrayList.java:1511)
... Removed 28 stack frames]]>
    </failure>
  </testcase> <!-- VerifySearch0 -->
</testsuite> <!-- Test -->
