<html>
<head>
<title>TestNG:  Test</title>
<link href="../testng.css" rel="stylesheet" type="text/css" />
<link href="../my-testng.css" rel="stylesheet" type="text/css" />

<style type="text/css">
.log { display: none;} 
.stack-trace { display: none;} 
</style>
<script type="text/javascript">
<!--
function flip(e) {
  current = e.style.display;
  if (current == 'block') {
    e.style.display = 'none';
    return 0;
  }
  else {
    e.style.display = 'block';
    return 1;
  }
}

function toggleBox(szDivId, elem, msg1, msg2)
{
  var res = -1;  if (document.getElementById) {
    res = flip(document.getElementById(szDivId));
  }
  else if (document.all) {
    // this is the way old msie versions work
    res = flip(document.all[szDivId]);
  }
  if(elem) {
    if(res == 0) elem.innerHTML = msg1; else elem.innerHTML = msg2;
  }

}

function toggleAllBoxes() {
  if (document.getElementsByTagName) {
    d = document.getElementsByTagName('div');
    for (i = 0; i < d.length; i++) {
      if (d[i].className == 'log') {
        flip(d[i]);
      }
    }
  }
}

// -->
</script>

</head>
<body>
<h2 align='center'>Test</h2><table border='1' align="center">
<tr>
<td>Tests passed/Failed/Skipped:</td><td>18/4/0</td>
</tr><tr>
<td>Started on:</td><td>Thu Apr 27 19:07:39 IST 2023</td>
</tr>
<tr><td>Total time:</td><td>392 seconds (392365 ms)</td>
</tr><tr>
<td>Included groups:</td><td></td>
</tr><tr>
<td>Excluded groups:</td><td></td>
</tr>
</table><p/>
<small><i>(Hover the method name to see the test class name)</i></small><p/>
<table width='100%' border='1' class='invocation-failed'>
<tr><td colspan='4' align='center'><b>FAILED TESTS</b></td></tr>
<tr><td><b>Test method</b></td>
<td><b>Attribute(s)</b></td>
<td width="30%"><b>Exception</b></td>
<td width="10%"><b>Time (seconds)</b></td>
<td><b>Instance</b></td>
</tr>
<tr>
<td title='com.CambriaProject.qa.testcases.CleintSetupTest.policyRegNo()'><b>policyRegNo</b><br>Test class: com.CambriaProject.qa.testcases.CleintSetupTest</td>
<td><div><pre>java.lang.AssertionError: expected [HJ69JW4] but found [HJ69JWC]
	at com.CambriaProject.qa.testcases.CleintSetupTest.policyRegNo(CleintSetupTest.java:101)
	at java.base/java.util.ArrayList.forEach(ArrayList.java:1511)
... Removed 31 stack frames</pre></div><a href='#' onClick='toggleBox("stack-trace731573979", this, "Click to show all stack frames", "Click to hide stack frames")'>Click to show all stack frames</a>
<div class='stack-trace' id='stack-trace731573979'><pre>java.lang.AssertionError: expected [HJ69JW4] but found [HJ69JWC]
	at org.testng.Assert.fail(Assert.java:110)
	at org.testng.Assert.failNotEquals(Assert.java:1577)
	at org.testng.Assert.assertEqualsImpl(Assert.java:149)
	at org.testng.Assert.assertEquals(Assert.java:131)
	at org.testng.Assert.assertEquals(Assert.java:655)
	at org.testng.Assert.assertEquals(Assert.java:665)
	at com.CambriaProject.qa.testcases.CleintSetupTest.policyRegNo(CleintSetupTest.java:101)
	at java.base/jdk.internal.reflect.DirectMethodHandleAccessor.invoke(DirectMethodHandleAccessor.java:104)
	at java.base/java.lang.reflect.Method.invoke(Method.java:577)
	at org.testng.internal.invokers.MethodInvocationHelper.invokeMethod(MethodInvocationHelper.java:139)
	at org.testng.internal.invokers.TestInvoker.invokeMethod(TestInvoker.java:677)
	at org.testng.internal.invokers.TestInvoker.invokeTestMethod(TestInvoker.java:221)
	at org.testng.internal.invokers.MethodRunner.runInSequence(MethodRunner.java:50)
	at org.testng.internal.invokers.TestInvoker$MethodInvocationAgent.invoke(TestInvoker.java:969)
	at org.testng.internal.invokers.TestInvoker.invokeTestMethods(TestInvoker.java:194)
	at org.testng.internal.invokers.TestMethodWorker.invokeTestMethods(TestMethodWorker.java:148)
	at org.testng.internal.invokers.TestMethodWorker.run(TestMethodWorker.java:128)
	at java.base/java.util.ArrayList.forEach(ArrayList.java:1511)
	at org.testng.TestRunner.privateRun(TestRunner.java:829)
	at org.testng.TestRunner.run(TestRunner.java:602)
	at org.testng.SuiteRunner.runTest(SuiteRunner.java:437)
	at org.testng.SuiteRunner.runSequentially(SuiteRunner.java:431)
	at org.testng.SuiteRunner.privateRun(SuiteRunner.java:391)
	at org.testng.SuiteRunner.run(SuiteRunner.java:330)
	at org.testng.SuiteRunnerWorker.runSuite(SuiteRunnerWorker.java:52)
	at org.testng.SuiteRunnerWorker.run(SuiteRunnerWorker.java:95)
	at org.testng.TestNG.runSuitesSequentially(TestNG.java:1256)
	at org.testng.TestNG.runSuitesLocally(TestNG.java:1176)
	at org.testng.TestNG.runSuites(TestNG.java:1099)
	at org.testng.TestNG.run(TestNG.java:1067)
	at org.testng.remote.AbstractRemoteTestNG.run(AbstractRemoteTestNG.java:115)
	at org.testng.remote.RemoteTestNG.initAndRun(RemoteTestNG.java:251)
	at org.testng.remote.RemoteTestNG.main(RemoteTestNG.java:77)
</pre></div></td>
<td>5</td>
<td>com.CambriaProject.qa.testcases.CleintSetupTest@3349e9bb</td></tr>
<tr>
<td title='com.CambriaProject.qa.testcases.LoginTest.Seeting_Page_Preload_Data()'><b>Seeting_Page_Preload_Data</b><br>Test class: com.CambriaProject.qa.testcases.LoginTest</td>
<td><div><pre>java.lang.AssertionError: expected [mamatha@facileconsulting.com] but found []
	at com.CambriaProject.qa.testcases.LoginTest.Seeting_Page_Preload_Data(LoginTest.java:167)
	at java.base/java.util.ArrayList.forEach(ArrayList.java:1511)
... Removed 31 stack frames</pre></div><a href='#' onClick='toggleBox("stack-trace162821120", this, "Click to show all stack frames", "Click to hide stack frames")'>Click to show all stack frames</a>
<div class='stack-trace' id='stack-trace162821120'><pre>java.lang.AssertionError: expected [mamatha@facileconsulting.com] but found []
	at org.testng.Assert.fail(Assert.java:110)
	at org.testng.Assert.failNotEquals(Assert.java:1577)
	at org.testng.Assert.assertEqualsImpl(Assert.java:149)
	at org.testng.Assert.assertEquals(Assert.java:131)
	at org.testng.Assert.assertEquals(Assert.java:655)
	at org.testng.Assert.assertEquals(Assert.java:665)
	at com.CambriaProject.qa.testcases.LoginTest.Seeting_Page_Preload_Data(LoginTest.java:167)
	at java.base/jdk.internal.reflect.DirectMethodHandleAccessor.invoke(DirectMethodHandleAccessor.java:104)
	at java.base/java.lang.reflect.Method.invoke(Method.java:577)
	at org.testng.internal.invokers.MethodInvocationHelper.invokeMethod(MethodInvocationHelper.java:139)
	at org.testng.internal.invokers.TestInvoker.invokeMethod(TestInvoker.java:677)
	at org.testng.internal.invokers.TestInvoker.invokeTestMethod(TestInvoker.java:221)
	at org.testng.internal.invokers.MethodRunner.runInSequence(MethodRunner.java:50)
	at org.testng.internal.invokers.TestInvoker$MethodInvocationAgent.invoke(TestInvoker.java:969)
	at org.testng.internal.invokers.TestInvoker.invokeTestMethods(TestInvoker.java:194)
	at org.testng.internal.invokers.TestMethodWorker.invokeTestMethods(TestMethodWorker.java:148)
	at org.testng.internal.invokers.TestMethodWorker.run(TestMethodWorker.java:128)
	at java.base/java.util.ArrayList.forEach(ArrayList.java:1511)
	at org.testng.TestRunner.privateRun(TestRunner.java:829)
	at org.testng.TestRunner.run(TestRunner.java:602)
	at org.testng.SuiteRunner.runTest(SuiteRunner.java:437)
	at org.testng.SuiteRunner.runSequentially(SuiteRunner.java:431)
	at org.testng.SuiteRunner.privateRun(SuiteRunner.java:391)
	at org.testng.SuiteRunner.run(SuiteRunner.java:330)
	at org.testng.SuiteRunnerWorker.runSuite(SuiteRunnerWorker.java:52)
	at org.testng.SuiteRunnerWorker.run(SuiteRunnerWorker.java:95)
	at org.testng.TestNG.runSuitesSequentially(TestNG.java:1256)
	at org.testng.TestNG.runSuitesLocally(TestNG.java:1176)
	at org.testng.TestNG.runSuites(TestNG.java:1099)
	at org.testng.TestNG.run(TestNG.java:1067)
	at org.testng.remote.AbstractRemoteTestNG.run(AbstractRemoteTestNG.java:115)
	at org.testng.remote.RemoteTestNG.initAndRun(RemoteTestNG.java:251)
	at org.testng.remote.RemoteTestNG.main(RemoteTestNG.java:77)
</pre></div></td>
<td>2</td>
<td>com.CambriaProject.qa.testcases.LoginTest@7e07db1f</td></tr>
<tr>
<td title='com.CambriaProject.qa.testcases.CleintSetupTest.VerifySearch0()'><b>VerifySearch0</b><br>Test class: com.CambriaProject.qa.testcases.CleintSetupTest</td>
<td><div><pre>org.openqa.selenium.TimeoutException: timeout: Timed out receiving message from renderer: 30.000
  (Session info: chrome=112.0.5615.138)
Build info: version: &apos;4.8.3&apos;, revision: &apos;e5e76298c3&apos;
System info: os.name: &apos;Windows 11&apos;, os.arch: &apos;amd64&apos;, os.version: &apos;10.0&apos;, java.version: &apos;18.0.2.1&apos;
Driver info: org.openqa.selenium.chrome.ChromeDriver
Command: [c49e3a23fa053c3618d38e08e8d114a3, clickElement {id=4a061646-e539-45db-934b-cbce841f1ce2}]
Capabilities {acceptInsecureCerts: false, browserName: chrome, browserVersion: 112.0.5615.138, chrome: {chromedriverVersion: 112.0.5615.49 (bd2a7bcb881c..., userDataDir: C:\Users\MYH\AppData\Local\...}, goog:chromeOptions: {debuggerAddress: localhost:49730}, networkConnectionEnabled: false, pageLoadStrategy: normal, platformName: WINDOWS, proxy: Proxy(), se:cdp: ws://localhost:49730/devtoo..., se:cdpVersion: 112.0.5615.138, setWindowRect: true, strictFileInteractability: false, timeouts: {implicit: 0, pageLoad: 300000, script: 30000}, unhandledPromptBehavior: dismiss and notify, webauthn:extension:credBlob: true, webauthn:extension:largeBlob: true, webauthn:extension:minPinLength: true, webauthn:extension:prf: true, webauthn:virtualAuthenticators: true}
Element: [[ChromeDriver: chrome on WINDOWS (c49e3a23fa053c3618d38e08e8d114a3)] -&gt; xpath: //body/div[@id=&apos;frame&apos;]/div[@id=&apos;main&apos;]/div[@id=&apos;container-grid&apos;]/div[@id=&apos;container&apos;]/div[1]/div[2]/div[1]/div[1]/div[1]/div[1]/form[1]/input[2]]
Session ID: c49e3a23fa053c3618d38e08e8d114a3
	at org.openqa.selenium.remote.codec.w3c.W3CHttpResponseCodec.createException(W3CHttpResponseCodec.java:200)
	at org.openqa.selenium.remote.codec.w3c.W3CHttpResponseCodec.decode(W3CHttpResponseCodec.java:133)
	at org.openqa.selenium.remote.codec.w3c.W3CHttpResponseCodec.decode(W3CHttpResponseCodec.java:53)
	at org.openqa.selenium.remote.HttpCommandExecutor.execute(HttpCommandExecutor.java:193)
	at org.openqa.selenium.remote.service.DriverCommandExecutor.invokeExecute(DriverCommandExecutor.java:183)
	at org.openqa.selenium.remote.service.DriverCommandExecutor.execute(DriverCommandExecutor.java:158)
	at org.openqa.selenium.remote.RemoteWebDriver.execute(RemoteWebDriver.java:543)
	at org.openqa.selenium.remote.RemoteWebElement.execute(RemoteWebElement.java:257)
	at org.openqa.selenium.remote.RemoteWebElement.click(RemoteWebElement.java:78)
	at com.CambriaProject.qa.testcases.CleintSetupTest.VerifySearch0(CleintSetupTest.java:167)
	at java.base/java.util.ArrayList.forEach(ArrayList.java:1511)
... Removed 28 stack frames</pre></div><a href='#' onClick='toggleBox("stack-trace1999434859", this, "Click to show all stack frames", "Click to hide stack frames")'>Click to show all stack frames</a>
<div class='stack-trace' id='stack-trace1999434859'><pre>org.openqa.selenium.TimeoutException: timeout: Timed out receiving message from renderer: 30.000
  (Session info: chrome=112.0.5615.138)
Build info: version: &apos;4.8.3&apos;, revision: &apos;e5e76298c3&apos;
System info: os.name: &apos;Windows 11&apos;, os.arch: &apos;amd64&apos;, os.version: &apos;10.0&apos;, java.version: &apos;18.0.2.1&apos;
Driver info: org.openqa.selenium.chrome.ChromeDriver
Command: [c49e3a23fa053c3618d38e08e8d114a3, clickElement {id=4a061646-e539-45db-934b-cbce841f1ce2}]
Capabilities {acceptInsecureCerts: false, browserName: chrome, browserVersion: 112.0.5615.138, chrome: {chromedriverVersion: 112.0.5615.49 (bd2a7bcb881c..., userDataDir: C:\Users\MYH\AppData\Local\...}, goog:chromeOptions: {debuggerAddress: localhost:49730}, networkConnectionEnabled: false, pageLoadStrategy: normal, platformName: WINDOWS, proxy: Proxy(), se:cdp: ws://localhost:49730/devtoo..., se:cdpVersion: 112.0.5615.138, setWindowRect: true, strictFileInteractability: false, timeouts: {implicit: 0, pageLoad: 300000, script: 30000}, unhandledPromptBehavior: dismiss and notify, webauthn:extension:credBlob: true, webauthn:extension:largeBlob: true, webauthn:extension:minPinLength: true, webauthn:extension:prf: true, webauthn:virtualAuthenticators: true}
Element: [[ChromeDriver: chrome on WINDOWS (c49e3a23fa053c3618d38e08e8d114a3)] -&gt; xpath: //body/div[@id=&apos;frame&apos;]/div[@id=&apos;main&apos;]/div[@id=&apos;container-grid&apos;]/div[@id=&apos;container&apos;]/div[1]/div[2]/div[1]/div[1]/div[1]/div[1]/form[1]/input[2]]
Session ID: c49e3a23fa053c3618d38e08e8d114a3
	at java.base/jdk.internal.reflect.DirectConstructorHandleAccessor.newInstance(DirectConstructorHandleAccessor.java:67)
	at java.base/java.lang.reflect.Constructor.newInstanceWithCaller(Constructor.java:499)
	at java.base/java.lang.reflect.Constructor.newInstance(Constructor.java:483)
	at org.openqa.selenium.remote.codec.w3c.W3CHttpResponseCodec.createException(W3CHttpResponseCodec.java:200)
	at org.openqa.selenium.remote.codec.w3c.W3CHttpResponseCodec.decode(W3CHttpResponseCodec.java:133)
	at org.openqa.selenium.remote.codec.w3c.W3CHttpResponseCodec.decode(W3CHttpResponseCodec.java:53)
	at org.openqa.selenium.remote.HttpCommandExecutor.execute(HttpCommandExecutor.java:193)
	at org.openqa.selenium.remote.service.DriverCommandExecutor.invokeExecute(DriverCommandExecutor.java:183)
	at org.openqa.selenium.remote.service.DriverCommandExecutor.execute(DriverCommandExecutor.java:158)
	at org.openqa.selenium.remote.RemoteWebDriver.execute(RemoteWebDriver.java:543)
	at org.openqa.selenium.remote.RemoteWebElement.execute(RemoteWebElement.java:257)
	at org.openqa.selenium.remote.RemoteWebElement.click(RemoteWebElement.java:78)
	at com.CambriaProject.qa.testcases.CleintSetupTest.VerifySearch0(CleintSetupTest.java:167)
	at java.base/jdk.internal.reflect.DirectMethodHandleAccessor.invoke(DirectMethodHandleAccessor.java:104)
	at java.base/java.lang.reflect.Method.invoke(Method.java:577)
	at org.testng.internal.invokers.MethodInvocationHelper.invokeMethod(MethodInvocationHelper.java:139)
	at org.testng.internal.invokers.TestInvoker.invokeMethod(TestInvoker.java:677)
	at org.testng.internal.invokers.TestInvoker.invokeTestMethod(TestInvoker.java:221)
	at org.testng.internal.invokers.MethodRunner.runInSequence(MethodRunner.java:50)
	at org.testng.internal.invokers.TestInvoker$MethodInvocationAgent.invoke(TestInvoker.java:969)
	at org.testng.internal.invokers.TestInvoker.invokeTestMethods(TestInvoker.java:194)
	at org.testng.internal.invokers.TestMethodWorker.invokeTestMethods(TestMethodWorker.java:148)
	at org.testng.internal.invokers.TestMethodWorker.run(TestMethodWorker.java:128)
	at java.base/java.util.ArrayList.forEach(ArrayList.java:1511)
	at org.testng.TestRunner.privateRun(TestRunner.java:829)
	at org.testng.TestRunner.run(TestRunner.java:602)
	at org.testng.SuiteRunner.runTest(SuiteRunner.java:437)
	at org.testng.SuiteRunner.runSequentially(SuiteRunner.java:431)
	at org.testng.SuiteRunner.privateRun(SuiteRunner.java:391)
	at org.testng.SuiteRunner.run(SuiteRunner.java:330)
	at org.testng.SuiteRunnerWorker.runSuite(SuiteRunnerWorker.java:52)
	at org.testng.SuiteRunnerWorker.run(SuiteRunnerWorker.java:95)
	at org.testng.TestNG.runSuitesSequentially(TestNG.java:1256)
	at org.testng.TestNG.runSuitesLocally(TestNG.java:1176)
	at org.testng.TestNG.runSuites(TestNG.java:1099)
	at org.testng.TestNG.run(TestNG.java:1067)
	at org.testng.remote.AbstractRemoteTestNG.run(AbstractRemoteTestNG.java:115)
	at org.testng.remote.RemoteTestNG.initAndRun(RemoteTestNG.java:251)
	at org.testng.remote.RemoteTestNG.main(RemoteTestNG.java:77)
</pre></div></td>
<td>30</td>
<td>com.CambriaProject.qa.testcases.CleintSetupTest@3349e9bb</td></tr>
<tr>
<td title='com.CambriaProject.qa.testcases.CleintSetupTest.PolicyClientName()'><b>PolicyClientName</b><br>Test class: com.CambriaProject.qa.testcases.CleintSetupTest</td>
<td><div><pre>java.lang.AssertionError: expected [Cambria Group Grange - Barnet Jaguar Land Rover] but found [Cambria Group - Grange - Barnet Jaguar Land Rover]
	at com.CambriaProject.qa.testcases.CleintSetupTest.PolicyClientName(CleintSetupTest.java:80)
	at java.base/java.util.ArrayList.forEach(ArrayList.java:1511)
... Removed 31 stack frames</pre></div><a href='#' onClick='toggleBox("stack-trace131837504", this, "Click to show all stack frames", "Click to hide stack frames")'>Click to show all stack frames</a>
<div class='stack-trace' id='stack-trace131837504'><pre>java.lang.AssertionError: expected [Cambria Group Grange - Barnet Jaguar Land Rover] but found [Cambria Group - Grange - Barnet Jaguar Land Rover]
	at org.testng.Assert.fail(Assert.java:110)
	at org.testng.Assert.failNotEquals(Assert.java:1577)
	at org.testng.Assert.assertEqualsImpl(Assert.java:149)
	at org.testng.Assert.assertEquals(Assert.java:131)
	at org.testng.Assert.assertEquals(Assert.java:655)
	at org.testng.Assert.assertEquals(Assert.java:665)
	at com.CambriaProject.qa.testcases.CleintSetupTest.PolicyClientName(CleintSetupTest.java:80)
	at java.base/jdk.internal.reflect.DirectMethodHandleAccessor.invoke(DirectMethodHandleAccessor.java:104)
	at java.base/java.lang.reflect.Method.invoke(Method.java:577)
	at org.testng.internal.invokers.MethodInvocationHelper.invokeMethod(MethodInvocationHelper.java:139)
	at org.testng.internal.invokers.TestInvoker.invokeMethod(TestInvoker.java:677)
	at org.testng.internal.invokers.TestInvoker.invokeTestMethod(TestInvoker.java:221)
	at org.testng.internal.invokers.MethodRunner.runInSequence(MethodRunner.java:50)
	at org.testng.internal.invokers.TestInvoker$MethodInvocationAgent.invoke(TestInvoker.java:969)
	at org.testng.internal.invokers.TestInvoker.invokeTestMethods(TestInvoker.java:194)
	at org.testng.internal.invokers.TestMethodWorker.invokeTestMethods(TestMethodWorker.java:148)
	at org.testng.internal.invokers.TestMethodWorker.run(TestMethodWorker.java:128)
	at java.base/java.util.ArrayList.forEach(ArrayList.java:1511)
	at org.testng.TestRunner.privateRun(TestRunner.java:829)
	at org.testng.TestRunner.run(TestRunner.java:602)
	at org.testng.SuiteRunner.runTest(SuiteRunner.java:437)
	at org.testng.SuiteRunner.runSequentially(SuiteRunner.java:431)
	at org.testng.SuiteRunner.privateRun(SuiteRunner.java:391)
	at org.testng.SuiteRunner.run(SuiteRunner.java:330)
	at org.testng.SuiteRunnerWorker.runSuite(SuiteRunnerWorker.java:52)
	at org.testng.SuiteRunnerWorker.run(SuiteRunnerWorker.java:95)
	at org.testng.TestNG.runSuitesSequentially(TestNG.java:1256)
	at org.testng.TestNG.runSuitesLocally(TestNG.java:1176)
	at org.testng.TestNG.runSuites(TestNG.java:1099)
	at org.testng.TestNG.run(TestNG.java:1067)
	at org.testng.remote.AbstractRemoteTestNG.run(AbstractRemoteTestNG.java:115)
	at org.testng.remote.RemoteTestNG.initAndRun(RemoteTestNG.java:251)
	at org.testng.remote.RemoteTestNG.main(RemoteTestNG.java:77)
</pre></div></td>
<td>1</td>
<td>com.CambriaProject.qa.testcases.CleintSetupTest@3349e9bb</td></tr>
</table><p>
<table width='100%' border='1' class='invocation-passed'>
<tr><td colspan='4' align='center'><b>PASSED TESTS</b></td></tr>
<tr><td><b>Test method</b></td>
<td><b>Attribute(s)</b></td>
<td width="30%"><b>Exception</b></td>
<td width="10%"><b>Time (seconds)</b></td>
<td><b>Instance</b></td>
</tr>
<tr>
<td title='com.CambriaProject.qa.testcases.CleintSetupTest.PolicyDateDisplay()'><b>PolicyDateDisplay</b><br>Test class: com.CambriaProject.qa.testcases.CleintSetupTest</td>
<td></td>
<td>10</td>
<td>com.CambriaProject.qa.testcases.CleintSetupTest@3349e9bb</td></tr>
<tr>
<td title='com.CambriaProject.qa.testcases.CleintSetupTest.policyClaims()'><b>policyClaims</b><br>Test class: com.CambriaProject.qa.testcases.CleintSetupTest</td>
<td></td>
<td>1</td>
<td>com.CambriaProject.qa.testcases.CleintSetupTest@3349e9bb</td></tr>
<tr>
<td title='com.CambriaProject.qa.testcases.LoginTest.Login_with_emptyData_Password()'><b>Login_with_emptyData_Password</b><br>Test class: com.CambriaProject.qa.testcases.LoginTest</td>
<td></td>
<td>0</td>
<td>com.CambriaProject.qa.testcases.LoginTest@7e07db1f</td></tr>
<tr>
<td title='com.CambriaProject.qa.testcases.LoginTest.Login_with_Valid_Password_Invalid_Email_ID()'><b>Login_with_Valid_Password_Invalid_Email_ID</b><br>Test class: com.CambriaProject.qa.testcases.LoginTest</td>
<td></td>
<td>0</td>
<td>com.CambriaProject.qa.testcases.LoginTest@7e07db1f</td></tr>
<tr>
<td title='com.CambriaProject.qa.testcases.CleintSetupTest.ClaimButton()'><b>ClaimButton</b><br>Test class: com.CambriaProject.qa.testcases.CleintSetupTest</td>
<td></td>
<td>5</td>
<td>com.CambriaProject.qa.testcases.CleintSetupTest@3349e9bb</td></tr>
<tr>
<td title='com.CambriaProject.qa.testcases.CleintSetupTest.policyCustomer()'><b>policyCustomer</b><br>Test class: com.CambriaProject.qa.testcases.CleintSetupTest</td>
<td></td>
<td>1</td>
<td>com.CambriaProject.qa.testcases.CleintSetupTest@3349e9bb</td></tr>
<tr>
<td title='com.CambriaProject.qa.testcases.LoginTest.Login_without_Email_ID()'><b>Login_without_Email_ID</b><br>Test class: com.CambriaProject.qa.testcases.LoginTest</td>
<td></td>
<td>0</td>
<td>com.CambriaProject.qa.testcases.LoginTest@7e07db1f</td></tr>
<tr>
<td title='com.CambriaProject.qa.testcases.CleintSetupTest.policyType()'><b>policyType</b><br>Test class: com.CambriaProject.qa.testcases.CleintSetupTest</td>
<td></td>
<td>1</td>
<td>com.CambriaProject.qa.testcases.CleintSetupTest@3349e9bb</td></tr>
<tr>
<td title='com.CambriaProject.qa.testcases.LoginTest.Login_With_Valid_Email_ID()'><b>Login_With_Valid_Email_ID</b><br>Test class: com.CambriaProject.qa.testcases.LoginTest</td>
<td></td>
<td>1</td>
<td>com.CambriaProject.qa.testcases.LoginTest@7e07db1f</td></tr>
<tr>
<td title='com.CambriaProject.qa.testcases.LoginTest.Seeting_button_Functionality()'><b>Seeting_button_Functionality</b><br>Test class: com.CambriaProject.qa.testcases.LoginTest</td>
<td></td>
<td>4</td>
<td>com.CambriaProject.qa.testcases.LoginTest@7e07db1f</td></tr>
<tr>
<td title='com.CambriaProject.qa.testcases.LoginTest.Login_With_Invalid_Character__Email_ID_Data()'><b>Login_With_Invalid_Character__Email_ID_Data</b><br>Test class: com.CambriaProject.qa.testcases.LoginTest</td>
<td></td>
<td>0</td>
<td>com.CambriaProject.qa.testcases.LoginTest@7e07db1f</td></tr>
<tr>
<td title='com.CambriaProject.qa.testcases.LoginTest.Login_With_Invalid_Password_Data()'><b>Login_With_Invalid_Password_Data</b><br>Test class: com.CambriaProject.qa.testcases.LoginTest</td>
<td></td>
<td>0</td>
<td>com.CambriaProject.qa.testcases.LoginTest@7e07db1f</td></tr>
<tr>
<td title='com.CambriaProject.qa.testcases.CleintSetupTest.VerifyGeneralDisplay()'><b>VerifyGeneralDisplay</b><br>Test class: com.CambriaProject.qa.testcases.CleintSetupTest</td>
<td></td>
<td>1</td>
<td>com.CambriaProject.qa.testcases.CleintSetupTest@3349e9bb</td></tr>
<tr>
<td title='com.CambriaProject.qa.testcases.LoginTest.Login_with_Email_ID_without_domain_name_or_without_com_Extention()'><b>Login_with_Email_ID_without_domain_name_or_without_com_Extention</b><br>Test class: com.CambriaProject.qa.testcases.LoginTest</td>
<td></td>
<td>1</td>
<td>com.CambriaProject.qa.testcases.LoginTest@7e07db1f</td></tr>
<tr>
<td title='com.CambriaProject.qa.testcases.CleintSetupTest.policyStatus()'><b>policyStatus</b><br>Test class: com.CambriaProject.qa.testcases.CleintSetupTest</td>
<td></td>
<td>1</td>
<td>com.CambriaProject.qa.testcases.CleintSetupTest@3349e9bb</td></tr>
<tr>
<td title='com.CambriaProject.qa.testcases.LoginTest.Login_With_INValid_Password_Different_User()'><b>Login_With_INValid_Password_Different_User</b><br>Test class: com.CambriaProject.qa.testcases.LoginTest</td>
<td></td>
<td>0</td>
<td>com.CambriaProject.qa.testcases.LoginTest@7e07db1f</td></tr>
<tr>
<td title='com.CambriaProject.qa.testcases.CleintSetupTest.policyDetailDD()'><b>policyDetailDD</b><br>Test class: com.CambriaProject.qa.testcases.CleintSetupTest</td>
<td></td>
<td>1</td>
<td>com.CambriaProject.qa.testcases.CleintSetupTest@3349e9bb</td></tr>
<tr>
<td title='com.CambriaProject.qa.testcases.LoginTest.LogOut_Functionality()'><b>LogOut_Functionality</b><br>Test class: com.CambriaProject.qa.testcases.LoginTest</td>
<td></td>
<td>3</td>
<td>com.CambriaProject.qa.testcases.LoginTest@7e07db1f</td></tr>
</table><p>
</body>
</html>