<?xml version="1.0" encoding="UTF-8"?>
<!-- Generated by org.testng.reporters.JUnitXMLReporter -->
<testsuite ignored="0" hostname="MAMATHA" failures="2" tests="11" name="Policy Search Testcases" time="127.042" errors="0" timestamp="2023-04-20T03:09:17 IST">
  <testcase classname="com.CambriaProject.qa.testcases.CleintSetupTest" name="@BeforeMethod StartLogging" time="31.427">
    <failure type="org.openqa.selenium.TimeoutException" message="timeout: Timed out receiving message from renderer: 28.877
  (Session info: chrome=112.0.5615.121)
Build info: version: &amp;apos;4.8.3&amp;apos;, revision: &amp;apos;e5e76298c3&amp;apos;
System info: os.name: &amp;apos;Windows 11&amp;apos;, os.arch: &amp;apos;amd64&amp;apos;, os.version: &amp;apos;10.0&amp;apos;, java.version: &amp;apos;18.0.2.1&amp;apos;
Driver info: org.openqa.selenium.chrome.ChromeDriver
Command: [1bd6a5b6ec4f907026a5c6464f76037c, get {url=https://test-warranty.cambria-local.co.uk/}]
Capabilities {acceptInsecureCerts: false, browserName: chrome, browserVersion: 112.0.5615.121, chrome: {chromedriverVersion: 112.0.5615.49 (bd2a7bcb881c..., userDataDir: C:\Users\MYH\AppData\Local\...}, goog:chromeOptions: {debuggerAddress: localhost:55283}, networkConnectionEnabled: false, pageLoadStrategy: normal, platformName: WINDOWS, proxy: Proxy(), se:cdp: ws://localhost:55283/devtoo..., se:cdpVersion: 112.0.5615.121, setWindowRect: true, strictFileInteractability: false, timeouts: {implicit: 0, pageLoad: 300000, script: 30000}, unhandledPromptBehavior: dismiss and notify, webauthn:extension:credBlob: true, webauthn:extension:largeBlob: true, webauthn:extension:minPinLength: true, webauthn:extension:prf: true, webauthn:virtualAuthenticators: true}
Session ID: 1bd6a5b6ec4f907026a5c6464f76037c">
      <![CDATA[org.openqa.selenium.TimeoutException: timeout: Timed out receiving message from renderer: 28.877
  (Session info: chrome=112.0.5615.121)
Build info: version: '4.8.3', revision: 'e5e76298c3'
System info: os.name: 'Windows 11', os.arch: 'amd64', os.version: '10.0', java.version: '18.0.2.1'
Driver info: org.openqa.selenium.chrome.ChromeDriver
Command: [1bd6a5b6ec4f907026a5c6464f76037c, get {url=https://test-warranty.cambria-local.co.uk/}]
Capabilities {acceptInsecureCerts: false, browserName: chrome, browserVersion: 112.0.5615.121, chrome: {chromedriverVersion: 112.0.5615.49 (bd2a7bcb881c..., userDataDir: C:\Users\MYH\AppData\Local\...}, goog:chromeOptions: {debuggerAddress: localhost:55283}, networkConnectionEnabled: false, pageLoadStrategy: normal, platformName: WINDOWS, proxy: Proxy(), se:cdp: ws://localhost:55283/devtoo..., se:cdpVersion: 112.0.5615.121, setWindowRect: true, strictFileInteractability: false, timeouts: {implicit: 0, pageLoad: 300000, script: 30000}, unhandledPromptBehavior: dismiss and notify, webauthn:extension:credBlob: true, webauthn:extension:largeBlob: true, webauthn:extension:minPinLength: true, webauthn:extension:prf: true, webauthn:virtualAuthenticators: true}
Session ID: 1bd6a5b6ec4f907026a5c6464f76037c
at org.openqa.selenium.remote.codec.w3c.W3CHttpResponseCodec.createException(W3CHttpResponseCodec.java:200)
at org.openqa.selenium.remote.codec.w3c.W3CHttpResponseCodec.decode(W3CHttpResponseCodec.java:133)
at org.openqa.selenium.remote.codec.w3c.W3CHttpResponseCodec.decode(W3CHttpResponseCodec.java:53)
at org.openqa.selenium.remote.HttpCommandExecutor.execute(HttpCommandExecutor.java:193)
at org.openqa.selenium.remote.service.DriverCommandExecutor.invokeExecute(DriverCommandExecutor.java:183)
at org.openqa.selenium.remote.service.DriverCommandExecutor.execute(DriverCommandExecutor.java:158)
at org.openqa.selenium.remote.RemoteWebDriver.execute(RemoteWebDriver.java:543)
at org.openqa.selenium.remote.RemoteWebDriver.get(RemoteWebDriver.java:297)
at com.CambriaProject.qa.testcases.CleintSetupTest.StartLogging(CleintSetupTest.java:33)
at java.base/java.util.ArrayList.forEach(ArrayList.java:1511)
... Removed 32 stack frames]]>
    </failure>
  </testcase> <!-- @BeforeMethod StartLogging -->
  <testcase classname="com.CambriaProject.qa.testcases.CleintSetupTest" name="@AfterMethod Endaction" time="0.0">
    <skipped/>
  </testcase> <!-- @AfterMethod Endaction -->
  <testcase classname="com.CambriaProject.qa.testcases.CleintSetupTest" name="@BeforeMethod StartLogging" time="0.0">
    <skipped/>
  </testcase> <!-- @BeforeMethod StartLogging -->
  <testcase classname="com.CambriaProject.qa.testcases.CleintSetupTest" name="@AfterMethod Endaction" time="0.0">
    <skipped/>
  </testcase> <!-- @AfterMethod Endaction -->
  <testcase classname="com.CambriaProject.qa.testcases.CleintSetupTest" name="@BeforeMethod StartLogging" time="0.0">
    <skipped/>
  </testcase> <!-- @BeforeMethod StartLogging -->
  <testcase classname="com.CambriaProject.qa.testcases.CleintSetupTest" name="@AfterMethod Endaction" time="0.0">
    <skipped/>
  </testcase> <!-- @AfterMethod Endaction -->
  <testcase classname="com.CambriaProject.qa.testcases.CleintSetupTest" name="@BeforeMethod StartLogging" time="0.0">
    <skipped/>
  </testcase> <!-- @BeforeMethod StartLogging -->
  <testcase classname="com.CambriaProject.qa.testcases.CleintSetupTest" name="@AfterMethod Endaction" time="0.0">
    <skipped/>
  </testcase> <!-- @AfterMethod Endaction -->
  <testcase classname="com.CambriaProject.qa.testcases.CleintSetupTest" name="@BeforeMethod StartLogging" time="0.0">
    <skipped/>
  </testcase> <!-- @BeforeMethod StartLogging -->
  <testcase classname="com.CambriaProject.qa.testcases.CleintSetupTest" name="@AfterMethod Endaction" time="0.0">
    <skipped/>
  </testcase> <!-- @AfterMethod Endaction -->
  <testcase classname="com.CambriaProject.qa.testcases.CleintSetupTest" name="VerifyGeneralDisplay" time="1.572"/>
  <testcase classname="com.CambriaProject.qa.testcases.CleintSetupTest" name="PolicyDateDisplay" time="5.326"/>
  <testcase classname="com.CambriaProject.qa.testcases.CleintSetupTest" name="PolicyClientName" time="1.492">
    <failure type="java.lang.AssertionError" message="expected [Cambria Group Grange - Barnet Jaguar Land Rover] but found [Cambria Group - Grange - Barnet Jaguar Land Rover]">
      <![CDATA[java.lang.AssertionError: expected [Cambria Group Grange - Barnet Jaguar Land Rover] but found [Cambria Group - Grange - Barnet Jaguar Land Rover]
at com.CambriaProject.qa.testcases.CleintSetupTest.PolicyClientName(CleintSetupTest.java:80)
at java.base/java.util.ArrayList.forEach(ArrayList.java:1511)
... Removed 31 stack frames]]>
    </failure>
  </testcase> <!-- PolicyClientName -->
  <testcase classname="com.CambriaProject.qa.testcases.CleintSetupTest" name="policyCustomer" time="4.627"/>
  <testcase classname="com.CambriaProject.qa.testcases.CleintSetupTest" name="policyRegNo" time="1.508">
    <failure type="java.lang.AssertionError" message="expected [HJ69JW4] but found [HJ69JWC]">
      <![CDATA[java.lang.AssertionError: expected [HJ69JW4] but found [HJ69JWC]
at com.CambriaProject.qa.testcases.CleintSetupTest.policyRegNo(CleintSetupTest.java:101)
at java.base/java.util.ArrayList.forEach(ArrayList.java:1511)
... Removed 31 stack frames]]>
    </failure>
  </testcase> <!-- policyRegNo -->
  <testcase classname="com.CambriaProject.qa.testcases.CleintSetupTest" name="policyType" time="1.64"/>
  <testcase classname="com.CambriaProject.qa.testcases.CleintSetupTest" name="policyStatus" time="0.0">
    <skipped/>
  </testcase> <!-- policyStatus -->
  <testcase classname="com.CambriaProject.qa.testcases.CleintSetupTest" name="policyClaims" time="0.0">
    <skipped/>
  </testcase> <!-- policyClaims -->
  <testcase classname="com.CambriaProject.qa.testcases.CleintSetupTest" name="policyDetailDD" time="0.0">
    <skipped/>
  </testcase> <!-- policyDetailDD -->
  <testcase classname="com.CambriaProject.qa.testcases.CleintSetupTest" name="ClaimButton" time="0.0">
    <skipped/>
  </testcase> <!-- ClaimButton -->
  <testcase classname="com.CambriaProject.qa.testcases.CleintSetupTest" name="VerifySearch0" time="0.0">
    <skipped/>
  </testcase> <!-- VerifySearch0 -->
</testsuite> <!-- Policy Search Testcases -->
