<!DOCTYPE html PUBLIC "-//W3C//DTD XHTML 1.1//EN" "https://www.w3.org/TR/xhtml11/DTD/xhtml11.dtd">
<html xmlns="https://www.w3.org/1999/xhtml">
<head>
<meta http-equiv="content-type" content="text/html; charset=UTF-8"/>
<title>TestNG Report</title>
<style type="text/css">table {margin-bottom:10px;border-collapse:collapse;empty-cells:show}th,td {border:1px solid #009;padding:.25em .5em}th {vertical-align:bottom}td {vertical-align:top}table a {font-weight:bold}.stripe td {background-color: #E6EBF9}.num {text-align:right}.passedodd td {background-color: #3F3}.passedeven td {background-color: #0A0}.skippedodd td {background-color: #DDD}.skippedeven td {background-color: #CCC}.failedodd td,.attn {background-color: #F33}.failedeven td,.stripe .attn {background-color: #D00}.stacktrace {white-space:pre;font-family:monospace}.totop {font-size:85%;text-align:center;border-bottom:2px solid #000}.invisible {display:none}</style>
</head>
<body>
<table>
<tr><th>Test</th><th># Passed</th><th># Skipped</th><th># Retried</th><th># Failed</th><th>Time (ms)</th><th>Included Groups</th><th>Excluded Groups</th></tr>
<tr><th colspan="8">Suite</th></tr>
<tr><td><a href="#t0">Test</a></td><td class="num">18</td><td class="num">0</td><td class="num">0</td><td class="num attn">4</td><td class="num">392,365</td><td></td><td></td></tr>
</table>
<table id='summary'><thead><tr><th>Class</th><th>Method</th><th>Start</th><th>Time (ms)</th></tr></thead><tbody><tr><th colspan="4">Suite</th></tr></tbody><tbody id="t0"><tr><th colspan="4">Test &#8212; failed</th></tr><tr class="failedeven"><td rowspan="3">com.CambriaProject.qa.testcases.CleintSetupTest</td><td><a href="#m0">PolicyClientName</a></td><td rowspan="1">1682602891205</td><td rowspan="1">1697</td></tr><tr class="failedeven"><td><a href="#m1">VerifySearch0</a></td><td rowspan="1">1682603021626</td><td rowspan="1">30220</td></tr><tr class="failedeven"><td><a href="#m2">policyRegNo</a></td><td rowspan="1">1682602923153</td><td rowspan="1">5040</td></tr><tr class="failedodd"><td rowspan="1">com.CambriaProject.qa.testcases.LoginTest</td><td><a href="#m3">Seeting_Page_Preload_Data</a></td><td rowspan="1">1682602825388</td><td rowspan="1">2479</td></tr><tr><th colspan="4">Test &#8212; passed</th></tr><tr class="passedeven"><td rowspan="8">com.CambriaProject.qa.testcases.CleintSetupTest</td><td><a href="#m4">ClaimButton</a></td><td rowspan="1">1682603003971</td><td rowspan="1">5265</td></tr><tr class="passedeven"><td><a href="#m5">PolicyDateDisplay</a></td><td rowspan="1">1682602866430</td><td rowspan="1">10020</td></tr><tr class="passedeven"><td><a href="#m6">VerifyGeneralDisplay</a></td><td rowspan="1">1682602848099</td><td rowspan="1">1838</td></tr><tr class="passedeven"><td><a href="#m7">policyClaims</a></td><td rowspan="1">1682602970204</td><td rowspan="1">1354</td></tr><tr class="passedeven"><td><a href="#m8">policyCustomer</a></td><td rowspan="1">1682602906044</td><td rowspan="1">1439</td></tr><tr class="passedeven"><td><a href="#m9">policyDetailDD</a></td><td rowspan="1">1682602983073</td><td rowspan="1">1910</td></tr><tr class="passedeven"><td><a href="#m10">policyStatus</a></td><td rowspan="1">1682602953851</td><td rowspan="1">1292</td></tr><tr class="passedeven"><td><a href="#m11">policyType</a></td><td rowspan="1">1682602942951</td><td rowspan="1">1314</td></tr><tr class="passedodd"><td rowspan="10">com.CambriaProject.qa.testcases.LoginTest</td><td><a href="#m12">LogOut_Functionality</a></td><td rowspan="1">1682602788304</td><td rowspan="1">3389</td></tr><tr class="passedodd"><td><a href="#m13">Login_With_INValid_Password_Different_User</a></td><td rowspan="1">1682602748766</td><td rowspan="1">745</td></tr><tr class="passedodd"><td><a href="#m14">Login_With_Invalid_Character__Email_ID_Data</a></td><td rowspan="1">1682602678606</td><td rowspan="1">406</td></tr><tr class="passedodd"><td><a href="#m15">Login_With_Invalid_Password_Data</a></td><td rowspan="1">1682602735381</td><td rowspan="1">760</td></tr><tr class="passedodd"><td><a href="#m16">Login_With_Valid_Email_ID</a></td><td rowspan="1">1682602720732</td><td rowspan="1">1809</td></tr><tr class="passedodd"><td><a href="#m17">Login_with_Email_ID_without_domain_name_or_without_com_Extention</a></td><td rowspan="1">1682602688053</td><td rowspan="1">1552</td></tr><tr class="passedodd"><td><a href="#m18">Login_with_Valid_Password_Invalid_Email_ID</a></td><td rowspan="1">1682602762675</td><td rowspan="1">816</td></tr><tr class="passedodd"><td><a href="#m19">Login_with_emptyData_Password</a></td><td rowspan="1">1682602774638</td><td rowspan="1">352</td></tr><tr class="passedodd"><td><a href="#m20">Login_without_Email_ID</a></td><td rowspan="1">1682602705102</td><td rowspan="1">307</td></tr><tr class="passedodd"><td><a href="#m21">Seeting_button_Functionality</a></td><td rowspan="1">1682602806014</td><td rowspan="1">4213</td></tr></tbody>
</table>
<h2>Test</h2><h3 id="m0">com.CambriaProject.qa.testcases.CleintSetupTest#PolicyClientName</h3><table class="result"><tr><th>Exception</th></tr><tr><td><div class="stacktrace">java.lang.AssertionError: expected [Cambria Group Grange - Barnet Jaguar Land Rover] but found [Cambria Group - Grange - Barnet Jaguar Land Rover]
	at com.CambriaProject.qa.testcases.CleintSetupTest.PolicyClientName(CleintSetupTest.java:80)
	at java.base/java.util.ArrayList.forEach(ArrayList.java:1511)
... Removed 31 stack frames</div></td></tr></table><p class="totop"><a href="#summary">back to summary</a></p>
<h3 id="m1">com.CambriaProject.qa.testcases.CleintSetupTest#VerifySearch0</h3><table class="result"><tr><th>Exception</th></tr><tr><td><div class="stacktrace">org.openqa.selenium.TimeoutException: timeout: Timed out receiving message from renderer: 30.000
  (Session info: chrome=112.0.5615.138)
Build info: version: &apos;4.8.3&apos;, revision: &apos;e5e76298c3&apos;
System info: os.name: &apos;Windows 11&apos;, os.arch: &apos;amd64&apos;, os.version: &apos;10.0&apos;, java.version: &apos;18.0.2.1&apos;
Driver info: org.openqa.selenium.chrome.ChromeDriver
Command: [c49e3a23fa053c3618d38e08e8d114a3, clickElement {id=4a061646-e539-45db-934b-cbce841f1ce2}]
Capabilities {acceptInsecureCerts: false, browserName: chrome, browserVersion: 112.0.5615.138, chrome: {chromedriverVersion: 112.0.5615.49 (bd2a7bcb881c..., userDataDir: C:\Users\MYH\AppData\Local\...}, goog:chromeOptions: {debuggerAddress: localhost:49730}, networkConnectionEnabled: false, pageLoadStrategy: normal, platformName: WINDOWS, proxy: Proxy(), se:cdp: ws://localhost:49730/devtoo..., se:cdpVersion: 112.0.5615.138, setWindowRect: true, strictFileInteractability: false, timeouts: {implicit: 0, pageLoad: 300000, script: 30000}, unhandledPromptBehavior: dismiss and notify, webauthn:extension:credBlob: true, webauthn:extension:largeBlob: true, webauthn:extension:minPinLength: true, webauthn:extension:prf: true, webauthn:virtualAuthenticators: true}
Element: [[ChromeDriver: chrome on WINDOWS (c49e3a23fa053c3618d38e08e8d114a3)] -&gt; xpath: //body/div[@id=&apos;frame&apos;]/div[@id=&apos;main&apos;]/div[@id=&apos;container-grid&apos;]/div[@id=&apos;container&apos;]/div[1]/div[2]/div[1]/div[1]/div[1]/div[1]/form[1]/input[2]]
Session ID: c49e3a23fa053c3618d38e08e8d114a3
	at org.openqa.selenium.remote.codec.w3c.W3CHttpResponseCodec.createException(W3CHttpResponseCodec.java:200)
	at org.openqa.selenium.remote.codec.w3c.W3CHttpResponseCodec.decode(W3CHttpResponseCodec.java:133)
	at org.openqa.selenium.remote.codec.w3c.W3CHttpResponseCodec.decode(W3CHttpResponseCodec.java:53)
	at org.openqa.selenium.remote.HttpCommandExecutor.execute(HttpCommandExecutor.java:193)
	at org.openqa.selenium.remote.service.DriverCommandExecutor.invokeExecute(DriverCommandExecutor.java:183)
	at org.openqa.selenium.remote.service.DriverCommandExecutor.execute(DriverCommandExecutor.java:158)
	at org.openqa.selenium.remote.RemoteWebDriver.execute(RemoteWebDriver.java:543)
	at org.openqa.selenium.remote.RemoteWebElement.execute(RemoteWebElement.java:257)
	at org.openqa.selenium.remote.RemoteWebElement.click(RemoteWebElement.java:78)
	at com.CambriaProject.qa.testcases.CleintSetupTest.VerifySearch0(CleintSetupTest.java:167)
	at java.base/java.util.ArrayList.forEach(ArrayList.java:1511)
... Removed 28 stack frames</div></td></tr></table><p class="totop"><a href="#summary">back to summary</a></p>
<h3 id="m2">com.CambriaProject.qa.testcases.CleintSetupTest#policyRegNo</h3><table class="result"><tr><th>Exception</th></tr><tr><td><div class="stacktrace">java.lang.AssertionError: expected [HJ69JW4] but found [HJ69JWC]
	at com.CambriaProject.qa.testcases.CleintSetupTest.policyRegNo(CleintSetupTest.java:101)
	at java.base/java.util.ArrayList.forEach(ArrayList.java:1511)
... Removed 31 stack frames</div></td></tr></table><p class="totop"><a href="#summary">back to summary</a></p>
<h3 id="m3">com.CambriaProject.qa.testcases.LoginTest#Seeting_Page_Preload_Data</h3><table class="result"><tr><th>Exception</th></tr><tr><td><div class="stacktrace">java.lang.AssertionError: expected [mamatha@facileconsulting.com] but found []
	at com.CambriaProject.qa.testcases.LoginTest.Seeting_Page_Preload_Data(LoginTest.java:167)
	at java.base/java.util.ArrayList.forEach(ArrayList.java:1511)
... Removed 31 stack frames</div></td></tr></table><p class="totop"><a href="#summary">back to summary</a></p>
<h3 id="m4">com.CambriaProject.qa.testcases.CleintSetupTest#ClaimButton</h3><table class="result"><tr><th class="invisible"/></tr></table><p class="totop"><a href="#summary">back to summary</a></p>
<h3 id="m5">com.CambriaProject.qa.testcases.CleintSetupTest#PolicyDateDisplay</h3><table class="result"><tr><th class="invisible"/></tr></table><p class="totop"><a href="#summary">back to summary</a></p>
<h3 id="m6">com.CambriaProject.qa.testcases.CleintSetupTest#VerifyGeneralDisplay</h3><table class="result"><tr><th class="invisible"/></tr></table><p class="totop"><a href="#summary">back to summary</a></p>
<h3 id="m7">com.CambriaProject.qa.testcases.CleintSetupTest#policyClaims</h3><table class="result"><tr><th class="invisible"/></tr></table><p class="totop"><a href="#summary">back to summary</a></p>
<h3 id="m8">com.CambriaProject.qa.testcases.CleintSetupTest#policyCustomer</h3><table class="result"><tr><th class="invisible"/></tr></table><p class="totop"><a href="#summary">back to summary</a></p>
<h3 id="m9">com.CambriaProject.qa.testcases.CleintSetupTest#policyDetailDD</h3><table class="result"><tr><th class="invisible"/></tr></table><p class="totop"><a href="#summary">back to summary</a></p>
<h3 id="m10">com.CambriaProject.qa.testcases.CleintSetupTest#policyStatus</h3><table class="result"><tr><th class="invisible"/></tr></table><p class="totop"><a href="#summary">back to summary</a></p>
<h3 id="m11">com.CambriaProject.qa.testcases.CleintSetupTest#policyType</h3><table class="result"><tr><th class="invisible"/></tr></table><p class="totop"><a href="#summary">back to summary</a></p>
<h3 id="m12">com.CambriaProject.qa.testcases.LoginTest#LogOut_Functionality</h3><table class="result"><tr><th class="invisible"/></tr></table><p class="totop"><a href="#summary">back to summary</a></p>
<h3 id="m13">com.CambriaProject.qa.testcases.LoginTest#Login_With_INValid_Password_Different_User</h3><table class="result"><tr><th class="invisible"/></tr></table><p class="totop"><a href="#summary">back to summary</a></p>
<h3 id="m14">com.CambriaProject.qa.testcases.LoginTest#Login_With_Invalid_Character__Email_ID_Data</h3><table class="result"><tr><th class="invisible"/></tr></table><p class="totop"><a href="#summary">back to summary</a></p>
<h3 id="m15">com.CambriaProject.qa.testcases.LoginTest#Login_With_Invalid_Password_Data</h3><table class="result"><tr><th class="invisible"/></tr></table><p class="totop"><a href="#summary">back to summary</a></p>
<h3 id="m16">com.CambriaProject.qa.testcases.LoginTest#Login_With_Valid_Email_ID</h3><table class="result"><tr><th class="invisible"/></tr></table><p class="totop"><a href="#summary">back to summary</a></p>
<h3 id="m17">com.CambriaProject.qa.testcases.LoginTest#Login_with_Email_ID_without_domain_name_or_without_com_Extention</h3><table class="result"><tr><th class="invisible"/></tr></table><p class="totop"><a href="#summary">back to summary</a></p>
<h3 id="m18">com.CambriaProject.qa.testcases.LoginTest#Login_with_Valid_Password_Invalid_Email_ID</h3><table class="result"><tr><th class="invisible"/></tr></table><p class="totop"><a href="#summary">back to summary</a></p>
<h3 id="m19">com.CambriaProject.qa.testcases.LoginTest#Login_with_emptyData_Password</h3><table class="result"><tr><th class="invisible"/></tr></table><p class="totop"><a href="#summary">back to summary</a></p>
<h3 id="m20">com.CambriaProject.qa.testcases.LoginTest#Login_without_Email_ID</h3><table class="result"><tr><th class="invisible"/></tr></table><p class="totop"><a href="#summary">back to summary</a></p>
<h3 id="m21">com.CambriaProject.qa.testcases.LoginTest#Seeting_button_Functionality</h3><table class="result"><tr><th class="invisible"/></tr></table><p class="totop"><a href="#summary">back to summary</a></p>
</body>
</html>
